<?xml version="1.0" encoding="UTF-8"?>
<!-- Generated by org.testng.reporters.JUnitReportReporter -->
<testsuite skipped="0" hostname="LAPTOP-9A5FEIIP" name="testScript.Discover_Roadcycling_page_Test" tests="1" failures="0" timestamp="2020-12-16T20:14:04 GMT" time="12.696" errors="0">
  <testcase name="Hike_page_Navigation" time="12.696" classname="testScript.Discover_Roadcycling_page_Test"/>
  <system-out/>
</testsuite> <!-- testScript.Discover_Roadcycling_page_Test -->
