<?xml version="1.0" encoding="UTF-8"?>
<!-- Generated by org.testng.reporters.JUnitReportReporter -->
<testsuite skipped="0" hostname="LAPTOP-9A5FEIIP" name="com.mycompany.app.Discover_Hiking_page" tests="1" failures="0" timestamp="2020-12-15T00:29:44 GMT" time="6.906" errors="0">
  <testcase name="Hike_page_Navigation" time="6.906" classname="com.mycompany.app.Discover_Hiking_page"/>
  <system-out/>
</testsuite> <!-- com.mycompany.app.Discover_Hiking_page -->
